app/build/intermediates/manifest_merge_blame_file/debug/manifest-merger-blame-debug-report.txt
1<?xml version="1.0" encoding="utf-8"?>
2<manifest xmlns:android="http://schemas.android.com/apk/res/android"
3    package="elapor.application.com.elapor"
4    android:versionCode="1"
5    android:versionName="1.0" >
6
7    <uses-sdk
8        android:minSdkVersion="16"
8-->src\main\AndroidManifest.xml
9        android:targetSdkVersion="32" />
9-->src\main\AndroidManifest.xml
10
11    <uses-permission android:name="android.permission.WRITE_EXTERNAL_STORAGE" />
11-->src\main\AndroidManifest.xml:7:5-81
11-->src\main\AndroidManifest.xml:7:22-78
12    <uses-permission android:name="android.permission.READ_EXTERNAL_STORAGE" />
12-->src\main\AndroidManifest.xml:8:5-80
12-->src\main\AndroidManifest.xml:8:22-77
13    <uses-permission android:name="android.permission.CAMERA" />
13-->src\main\AndroidManifest.xml:9:5-65
13-->src\main\AndroidManifest.xml:9:22-62
14    <uses-permission android:name="android.permission.FLASHLIGHT" />
14-->src\main\AndroidManifest.xml:10:5-69
14-->src\main\AndroidManifest.xml:10:22-66
15
16    <uses-feature android:name="android.hardware.camera" />
16-->src\main\AndroidManifest.xml:12:5-60
16-->src\main\AndroidManifest.xml:12:19-57
17    <uses-feature android:name="android.hardware.camera.autofocus" />
17-->src\main\AndroidManifest.xml:13:5-70
17-->src\main\AndroidManifest.xml:13:19-67
18
19    <application
19-->src\main\AndroidManifest.xml:15:5-55:16
20        android:allowBackup="true"
20-->src\main\AndroidManifest.xml:17:9-35
21        android:appComponentFactory="android.support.v4.app.CoreComponentFactory"
21-->[com.android.support:support-compat:28.0.0] AndroidManifest.xml:22:18-91
22        android:debuggable="true"
23        android:icon="@mipmap/ic_launcher"
23-->src\main\AndroidManifest.xml:18:9-43
24        android:label="@string/app_name"
24-->src\main\AndroidManifest.xml:19:9-41
25        android:requestLegacyExternalStorage="true"
25-->src\main\AndroidManifest.xml:21:9-52
26        android:testOnly="true"
27        android:theme="@style/AppTheme" >
27-->src\main\AndroidManifest.xml:20:9-40
28        <activity
28-->src\main\AndroidManifest.xml:23:9-34:20
29            android:name="laporan.application.com.laporan.MainActivity"
29-->src\main\AndroidManifest.xml:24:13-72
30            android:configChanges="orientation|keyboardHidden"
30-->src\main\AndroidManifest.xml:27:7-57
31            android:exported="true"
31-->src\main\AndroidManifest.xml:28:13-36
32            android:label="@string/app_name"
32-->src\main\AndroidManifest.xml:25:13-45
33            android:screenOrientation="portrait" >
33-->src\main\AndroidManifest.xml:26:13-49
34            <intent-filter>
34-->src\main\AndroidManifest.xml:29:13-33:29
35                <action android:name="android.intent.action.MAIN" />
35-->src\main\AndroidManifest.xml:30:17-69
35-->src\main\AndroidManifest.xml:30:25-66
36
37                <category android:name="android.intent.category.LAUNCHER" />
37-->src\main\AndroidManifest.xml:32:17-77
37-->src\main\AndroidManifest.xml:32:27-74
38            </intent-filter>
39        </activity>
40        <activity
40-->src\main\AndroidManifest.xml:36:9-41:20
41            android:name="laporan.application.com.laporan.BuatLaporanKegiatanActivity"
41-->src\main\AndroidManifest.xml:37:13-87
42            android:configChanges="orientation|keyboardHidden"
42-->src\main\AndroidManifest.xml:40:13-63
43            android:label="@string/app_name"
43-->src\main\AndroidManifest.xml:38:13-45
44            android:screenOrientation="portrait" >
44-->src\main\AndroidManifest.xml:39:13-49
45        </activity>
46        <activity
46-->src\main\AndroidManifest.xml:43:9-47:20
47            android:name="laporan.application.com.laporan.BuatLaporanBencanaActivity"
47-->src\main\AndroidManifest.xml:43:19-92
48            android:configChanges="orientation|keyboardHidden"
48-->src\main\AndroidManifest.xml:46:13-63
49            android:label="@string/app_name"
49-->src\main\AndroidManifest.xml:44:13-45
50            android:screenOrientation="portrait" >
50-->src\main\AndroidManifest.xml:45:13-49
51        </activity>
52        <activity
52-->src\main\AndroidManifest.xml:49:9-53:20
53            android:name="laporan.application.com.laporan.AmbilFotoActivity"
53-->src\main\AndroidManifest.xml:49:19-83
54            android:configChanges="orientation|keyboardHidden"
54-->src\main\AndroidManifest.xml:52:13-63
55            android:label="@string/app_name"
55-->src\main\AndroidManifest.xml:50:13-45
56            android:screenOrientation="portrait" >
56-->src\main\AndroidManifest.xml:51:13-49
57        </activity>
58    </application>
59
60</manifest>